<?xml version="1.0" encoding="UTF-8"?>
<testng-results skipped="0" failed="0" ignored="0" total="1" passed="1">
  <reporter-output>
  </reporter-output>
  <suite name="Default suite" duration-ms="32113" started-at="2020-02-11T14:07:42 CST" finished-at="2020-02-11T14:08:14 CST">
    <groups>
    </groups>
    <test name="Default test" duration-ms="32113" started-at="2020-02-11T14:07:42 CST" finished-at="2020-02-11T14:08:14 CST">
      <class name="classTestNG.HwSession5">
        <test-method status="PASS" signature="techfioslogin()[pri:0, instance:classTestNG.HwSession5@6f1de4c7]" name="techfioslogin" duration-ms="32021" started-at="2020-02-11T14:07:42 CST" finished-at="2020-02-11T14:08:14 CST">
          <reporter-output>
          </reporter-output>
        </test-method> <!-- techfioslogin -->
      </class> <!-- classTestNG.HwSession5 -->
    </test> <!-- Default test -->
  </suite> <!-- Default suite -->
</testng-results>
