<?xml version="1.0" encoding="UTF-8"?>
<testng-results skipped="0" failed="0" ignored="0" total="1" passed="1">
  <reporter-output>
  </reporter-output>
  <suite name="Default suite" duration-ms="101" started-at="2020-02-05T18:07:33 CST" finished-at="2020-02-05T18:07:34 CST">
    <groups>
    </groups>
    <test name="Default test" duration-ms="101" started-at="2020-02-05T18:07:33 CST" finished-at="2020-02-05T18:07:34 CST">
      <class name="testcases.RegTest">
        <test-method status="PASS" signature="doRegisterTest()[pri:0, instance:testcases.RegTest@77847718]" name="doRegisterTest" duration-ms="21" started-at="2020-02-05T18:07:33 CST" finished-at="2020-02-05T18:07:34 CST">
          <reporter-output>
          </reporter-output>
        </test-method> <!-- doRegisterTest -->
      </class> <!-- testcases.RegTest -->
    </test> <!-- Default test -->
  </suite> <!-- Default suite -->
</testng-results>
